d:\vtk\example\virtualoperation\bin\virtualoperation.dir\debug\vc141.pdb
d:\vtk\example\virtualoperation\bin\virtualoperation.dir\debug\vtkpixelmanager.obj
d:\vtk\example\virtualoperation\bin\virtualoperation.dir\debug\virtualoperation.obj
d:\vtk\example\virtualoperation\bin\virtualoperation.dir\debug\pointerpickerinteractorstyle.obj
d:\vtk\example\virtualoperation\bin\cmakefiles\generate.stamp
d:\vtk\example\virtualoperation\bin\debug\virtualoperation.pdb
d:\vtk\example\virtualoperation\bin\virtualoperation.dir\debug\virtualoperation.tlog\cl.command.1.tlog
d:\vtk\example\virtualoperation\bin\virtualoperation.dir\debug\virtualoperation.tlog\cl.read.1.tlog
d:\vtk\example\virtualoperation\bin\virtualoperation.dir\debug\virtualoperation.tlog\cl.write.1.tlog
d:\vtk\example\virtualoperation\bin\virtualoperation.dir\debug\virtualoperation.tlog\custombuild.command.1.tlog
d:\vtk\example\virtualoperation\bin\virtualoperation.dir\debug\virtualoperation.tlog\custombuild.read.1.tlog
d:\vtk\example\virtualoperation\bin\virtualoperation.dir\debug\virtualoperation.tlog\custombuild.write.1.tlog
d:\vtk\example\virtualoperation\bin\virtualoperation.dir\debug\virtualoperation.tlog\link-cvtres.read.1.tlog
d:\vtk\example\virtualoperation\bin\virtualoperation.dir\debug\virtualoperation.tlog\link-cvtres.write.1.tlog
d:\vtk\example\virtualoperation\bin\virtualoperation.dir\debug\virtualoperation.tlog\link-rc.read.1.tlog
d:\vtk\example\virtualoperation\bin\virtualoperation.dir\debug\virtualoperation.tlog\link-rc.write.1.tlog
d:\vtk\example\virtualoperation\bin\virtualoperation.dir\debug\virtualoperation.tlog\link.12208-cvtres.read.1.tlog
d:\vtk\example\virtualoperation\bin\virtualoperation.dir\debug\virtualoperation.tlog\link.12208-cvtres.write.1.tlog
d:\vtk\example\virtualoperation\bin\virtualoperation.dir\debug\virtualoperation.tlog\link.12208-rc.read.1.tlog
d:\vtk\example\virtualoperation\bin\virtualoperation.dir\debug\virtualoperation.tlog\link.12208-rc.write.1.tlog
d:\vtk\example\virtualoperation\bin\virtualoperation.dir\debug\virtualoperation.tlog\link.12208.read.1.tlog
d:\vtk\example\virtualoperation\bin\virtualoperation.dir\debug\virtualoperation.tlog\link.12208.write.1.tlog
d:\vtk\example\virtualoperation\bin\virtualoperation.dir\debug\virtualoperation.tlog\link.command.1.tlog
d:\vtk\example\virtualoperation\bin\virtualoperation.dir\debug\virtualoperation.tlog\link.read.1.tlog
d:\vtk\example\virtualoperation\bin\virtualoperation.dir\debug\virtualoperation.tlog\link.write.1.tlog
