  main.cpp
c:\users\27902\desktop\vtk2018\yifan_master\yifan_master\main.cpp(7): error C2065: “vtkSmartPointer”: 未声明的标识符
c:\users\27902\desktop\vtk2018\yifan_master\yifan_master\main.cpp(7): error C2065: “vtkBMPReader”: 未声明的标识符
c:\users\27902\desktop\vtk2018\yifan_master\yifan_master\main.cpp(7): error C2065: “reader”: 未声明的标识符
c:\users\27902\desktop\vtk2018\yifan_master\yifan_master\main.cpp(7): error C2039: “New”: 不是“`global namespace'”的成员
c:\users\27902\desktop\vtk2018\yifan_master\yifan_master\main.cpp(7): error C3861: “New”: 找不到标识符
c:\users\27902\desktop\vtk2018\yifan_master\yifan_master\main.cpp(8): error C2065: “vtkSmartPointer”: 未声明的标识符
c:\users\27902\desktop\vtk2018\yifan_master\yifan_master\main.cpp(8): error C2065: “vtkImageAppend”: 未声明的标识符
c:\users\27902\desktop\vtk2018\yifan_master\yifan_master\main.cpp(8): error C2065: “append”: 未声明的标识符
c:\users\27902\desktop\vtk2018\yifan_master\yifan_master\main.cpp(8): error C2039: “New”: 不是“`global namespace'”的成员
c:\users\27902\desktop\vtk2018\yifan_master\yifan_master\main.cpp(8): error C3861: “New”: 找不到标识符
c:\users\27902\desktop\vtk2018\yifan_master\yifan_master\main.cpp(9): error C2065: “append”: 未声明的标识符
c:\users\27902\desktop\vtk2018\yifan_master\yifan_master\main.cpp(9): error C2227: “->SetAppendAxis”的左边必须指向类/结构/联合/泛型类型
  c:\users\27902\desktop\vtk2018\yifan_master\yifan_master\main.cpp(9): note: 类型是“unknown-type”
c:\users\27902\desktop\vtk2018\yifan_master\yifan_master\main.cpp(10): error C2065: “vtkSmartPointer”: 未声明的标识符
c:\users\27902\desktop\vtk2018\yifan_master\yifan_master\main.cpp(10): error C2065: “vtkStringArray”: 未声明的标识符
c:\users\27902\desktop\vtk2018\yifan_master\yifan_master\main.cpp(10): error C2065: “fileArray”: 未声明的标识符
c:\users\27902\desktop\vtk2018\yifan_master\yifan_master\main.cpp(10): error C2039: “New”: 不是“`global namespace'”的成员
c:\users\27902\desktop\vtk2018\yifan_master\yifan_master\main.cpp(10): error C3861: “New”: 找不到标识符
c:\users\27902\desktop\vtk2018\yifan_master\yifan_master\main.cpp(16): error C2065: “fileArray”: 未声明的标识符
c:\users\27902\desktop\vtk2018\yifan_master\yifan_master\main.cpp(16): error C2227: “->InsertNextValue”的左边必须指向类/结构/联合/泛型类型
  c:\users\27902\desktop\vtk2018\yifan_master\yifan_master\main.cpp(16): note: 类型是“unknown-type”
c:\users\27902\desktop\vtk2018\yifan_master\yifan_master\main.cpp(14): error C4996: 'sprintf': This function or variable may be unsafe. Consider using sprintf_s instead. To disable deprecation, use _CRT_SECURE_NO_WARNINGS. See online help for details.
  c:\program files (x86)\windows kits\10\include\10.0.10240.0\ucrt\stdio.h(1769): note: 参见“sprintf”的声明
